15:57:24 **** Incremental Build of configuration GNU ARM v4.9.3 - Debug for project STK3700_freertos_blink ****
make -j4 all 
Building file: ../src/main.c
Invoking: GNU ARM C Compiler
arm-none-eabi-gcc -g -gdwarf-2 -mcpu=cortex-m3 -mthumb -std=c99 '-DGCC_ARMCM3=1' '-DDEBUG_EFM=1' '-DEFM32GG990F1024=1' '-DDEBUG=1' -I"/usr/local/SimplicityStudio_v4/developer/sdks/gecko_sdk_suite/v1.1//app/mcu_example/EFM32GG_STK3700/freertos_blink" -I"/usr/local/SimplicityStudio_v4/developer/sdks/gecko_sdk_suite/v1.1//hardware/kit/EFM32GG_STK3700/config" -I"/usr/local/SimplicityStudio_v4/developer/sdks/gecko_sdk_suite/v1.1//platform/CMSIS/Include" -I"/usr/local/SimplicityStudio_v4/developer/sdks/gecko_sdk_suite/v1.1//platform/emlib/inc" -I"/usr/local/SimplicityStudio_v4/developer/sdks/gecko_sdk_suite/v1.1//platform/emdrv/common/inc" -I"/usr/local/SimplicityStudio_v4/developer/sdks/gecko_sdk_suite/v1.1//platform/emdrv/dmadrv/config" -I"/usr/local/SimplicityStudio_v4/developer/sdks/gecko_sdk_suite/v1.1//platform/emdrv/ezradiodrv/config" -I"/usr/local/SimplicityStudio_v4/developer/sdks/gecko_sdk_suite/v1.1//platform/emdrv/nvm/config" -I"/usr/local/SimplicityStudio_v4/developer/sdks/gecko_sdk_suite/v1.1//platform/emdrv/rtcdrv/config" -I"/usr/local/SimplicityStudio_v4/developer/sdks/gecko_sdk_suite/v1.1//platform/emdrv/spidrv/config" -I"/usr/local/SimplicityStudio_v4/developer/sdks/gecko_sdk_suite/v1.1//platform/emdrv/tempdrv/config" -I"/usr/local/SimplicityStudio_v4/developer/sdks/gecko_sdk_suite/v1.1//platform/emdrv/uartdrv/config" -I"/usr/local/SimplicityStudio_v4/developer/sdks/gecko_sdk_suite/v1.1//platform/emdrv/ustimer/config" -I"/usr/local/SimplicityStudio_v4/developer/sdks/gecko_sdk_suite/v1.1//hardware/kit/common/drivers" -I"/usr/local/SimplicityStudio_v4/developer/sdks/gecko_sdk_suite/v1.1//platform/emdrv/dmadrv/inc" -I"/usr/local/SimplicityStudio_v4/developer/sdks/gecko_sdk_suite/v1.1//platform/emdrv/gpiointerrupt/inc" -I"/usr/local/SimplicityStudio_v4/developer/sdks/gecko_sdk_suite/v1.1//platform/emdrv/nvm/inc" -I"/usr/local/SimplicityStudio_v4/developer/sdks/gecko_sdk_suite/v1.1//platform/emdrv/rtcdrv/inc" -I"/usr/local/SimplicityStudio_v4/developer/sdks/gecko_sdk_suite/v1.1//platform/emdrv/sleep/inc" -I"/usr/local/SimplicityStudio_v4/developer/sdks/gecko_sdk_suite/v1.1//platform/emdrv/spidrv/inc" -I"/usr/local/SimplicityStudio_v4/developer/sdks/gecko_sdk_suite/v1.1//platform/emdrv/uartdrv/inc" -I"/usr/local/SimplicityStudio_v4/developer/sdks/gecko_sdk_suite/v1.1//platform/emdrv/ustimer/inc" -I"/usr/local/SimplicityStudio_v4/developer/sdks/gecko_sdk_suite/v1.1//platform/emdrv/tempdrv/inc" -I"/usr/local/SimplicityStudio_v4/developer/sdks/gecko_sdk_suite/v1.1//hardware/kit/common/bsp" -I"/usr/local/SimplicityStudio_v4/developer/sdks/gecko_sdk_suite/v1.1//platform/Device/SiliconLabs/EFM32GG/Include" -I"/usr/local/SimplicityStudio_v4/developer/sdks/gecko_sdk_suite/v1.1//util/third_party/freertos/Source/include" -I"/usr/local/SimplicityStudio_v4/developer/sdks/gecko_sdk_suite/v1.1//util/third_party/freertos/Demo/Common/include" -I"/usr/local/SimplicityStudio_v4/developer/sdks/gecko_sdk_suite/v1.1//util/third_party/freertos/Source/portable/GCC/ARM_CM3" -O0 -Wall -c -fmessage-length=0 -mno-sched-prolog -fno-builtin -ffunction-sections -fdata-sections -MMD -MP -MF"src/main.d" -MT"src/main.o" -o "src/main.o" "../src/main.c"
../src/main.c: In function 'main':
../src/main.c:116:2: warning: implicit declaration of function 'CMU_HFRCOBandSet' [-Wimplicit-function-declaration]
  CMU_HFRCOBandSet(cmuHFRCOBand_1MHz);    // Set HF oscillator to 1MHz and use as system source
  ^
../src/main.c:116:19: error: 'cmuHFRCOBand_1MHz' undeclared (first use in this function)
  CMU_HFRCOBandSet(cmuHFRCOBand_1MHz);    // Set HF oscillator to 1MHz and use as system source
                   ^
../src/main.c:116:19: note: each undeclared identifier is reported only once for each function it appears in
../src/main.c:117:2: warning: implicit declaration of function 'CMU_ClockEnable' [-Wimplicit-function-declaration]
  CMU_ClockEnable(cmuClock_TIMER0, true); // Start TIMER0 peripheral clock
  ^
../src/main.c:117:18: error: 'cmuClock_TIMER0' undeclared (first use in this function)
  CMU_ClockEnable(cmuClock_TIMER0, true); // Start TIMER0 peripheral clock
                  ^
make: *** [src/main.o] Error 1

15:57:24 Build Finished (took 276ms)

